2017-09-10 18:42:52 ERROR RpcClientHandler:73 - RpcServer Exception
2017-09-10 18:43:19 ERROR RpcHandler:89 - server caught exception
io.netty.handler.codec.DecoderException: java.lang.IllegalStateException: Reading from a byte array threw an IOException (should never happen).
	at io.netty.handler.codec.ByteToMessageDecoder.callDecode(ByteToMessageDecoder.java:442)
	at io.netty.handler.codec.ByteToMessageDecoder.channelRead(ByteToMessageDecoder.java:248)
	at io.netty.channel.AbstractChannelHandlerContext.invokeChannelRead(AbstractChannelHandlerContext.java:362)
	at io.netty.channel.AbstractChannelHandlerContext.invokeChannelRead(AbstractChannelHandlerContext.java:348)
	at io.netty.channel.AbstractChannelHandlerContext.fireChannelRead(AbstractChannelHandlerContext.java:340)
	at io.netty.handler.codec.ByteToMessageDecoder.fireChannelRead(ByteToMessageDecoder.java:293)
	at io.netty.handler.codec.ByteToMessageDecoder.fireChannelRead(ByteToMessageDecoder.java:280)
	at io.netty.handler.codec.ByteToMessageDecoder.callDecode(ByteToMessageDecoder.java:396)
	at io.netty.handler.codec.ByteToMessageDecoder.channelRead(ByteToMessageDecoder.java:248)
	at io.netty.channel.AbstractChannelHandlerContext.invokeChannelRead(AbstractChannelHandlerContext.java:362)
	at io.netty.channel.AbstractChannelHandlerContext.invokeChannelRead(AbstractChannelHandlerContext.java:348)
	at io.netty.channel.AbstractChannelHandlerContext.fireChannelRead(AbstractChannelHandlerContext.java:340)
	at io.netty.channel.DefaultChannelPipeline$HeadContext.channelRead(DefaultChannelPipeline.java:1334)
	at io.netty.channel.AbstractChannelHandlerContext.invokeChannelRead(AbstractChannelHandlerContext.java:362)
	at io.netty.channel.AbstractChannelHandlerContext.invokeChannelRead(AbstractChannelHandlerContext.java:348)
	at io.netty.channel.DefaultChannelPipeline.fireChannelRead(DefaultChannelPipeline.java:926)
	at io.netty.channel.nio.AbstractNioByteChannel$NioByteUnsafe.read(AbstractNioByteChannel.java:134)
	at io.netty.channel.nio.NioEventLoop.processSelectedKey(NioEventLoop.java:624)
	at io.netty.channel.nio.NioEventLoop.processSelectedKeysOptimized(NioEventLoop.java:559)
	at io.netty.channel.nio.NioEventLoop.processSelectedKeys(NioEventLoop.java:476)
	at io.netty.channel.nio.NioEventLoop.run(NioEventLoop.java:438)
	at io.netty.util.concurrent.SingleThreadEventExecutor$5.run(SingleThreadEventExecutor.java:858)
	at io.netty.util.concurrent.DefaultThreadFactory$DefaultRunnableDecorator.run(DefaultThreadFactory.java:144)
	at java.lang.Thread.run(Thread.java:748)
Caused by: java.lang.IllegalStateException: Reading from a byte array threw an IOException (should never happen).
	at rpc.common.SerializationUtil.deserialize(SerializationUtil.java:67)
	at rpc.common.RpcDecoder.decode(RpcDecoder.java:41)
	at io.netty.handler.codec.ByteToMessageDecoder.callDecode(ByteToMessageDecoder.java:411)
	... 23 more
Caused by: java.lang.RuntimeException: Reading from a byte array threw an IOException (should never happen).
	at com.dyuproject.protostuff.IOUtil.mergeFrom(IOUtil.java:52)
	at com.dyuproject.protostuff.ProtostuffIOUtil.mergeFrom(ProtostuffIOUtil.java:96)
	at rpc.common.SerializationUtil.deserialize(SerializationUtil.java:64)
	... 25 more
Caused by: com.dyuproject.protostuff.ProtobufException: Protocol message contained an invalid tag (zero).
	at com.dyuproject.protostuff.ProtobufException.invalidTag(ProtobufException.java:98)
	at com.dyuproject.protostuff.ByteArrayInput.readFieldNumber(ByteArrayInput.java:220)
	at com.dyuproject.protostuff.runtime.MappedSchema.mergeFrom(MappedSchema.java:187)
	at com.dyuproject.protostuff.IOUtil.mergeFrom(IOUtil.java:43)
	... 27 more
2017-09-10 18:43:19 ERROR RpcHandler:89 - server caught exception
io.netty.handler.codec.DecoderException: java.lang.IllegalStateException: Reading from a byte array threw an IOException (should never happen).
	at io.netty.handler.codec.ByteToMessageDecoder.callDecode(ByteToMessageDecoder.java:442)
	at io.netty.handler.codec.ByteToMessageDecoder.channelRead(ByteToMessageDecoder.java:248)
	at io.netty.channel.AbstractChannelHandlerContext.invokeChannelRead(AbstractChannelHandlerContext.java:362)
	at io.netty.channel.AbstractChannelHandlerContext.invokeChannelRead(AbstractChannelHandlerContext.java:348)
	at io.netty.channel.AbstractChannelHandlerContext.fireChannelRead(AbstractChannelHandlerContext.java:340)
	at io.netty.handler.codec.ByteToMessageDecoder.fireChannelRead(ByteToMessageDecoder.java:293)
	at io.netty.handler.codec.ByteToMessageDecoder.channelRead(ByteToMessageDecoder.java:267)
	at io.netty.channel.AbstractChannelHandlerContext.invokeChannelRead(AbstractChannelHandlerContext.java:362)
	at io.netty.channel.AbstractChannelHandlerContext.invokeChannelRead(AbstractChannelHandlerContext.java:348)
	at io.netty.channel.AbstractChannelHandlerContext.fireChannelRead(AbstractChannelHandlerContext.java:340)
	at io.netty.channel.DefaultChannelPipeline$HeadContext.channelRead(DefaultChannelPipeline.java:1334)
	at io.netty.channel.AbstractChannelHandlerContext.invokeChannelRead(AbstractChannelHandlerContext.java:362)
	at io.netty.channel.AbstractChannelHandlerContext.invokeChannelRead(AbstractChannelHandlerContext.java:348)
	at io.netty.channel.DefaultChannelPipeline.fireChannelRead(DefaultChannelPipeline.java:926)
	at io.netty.channel.nio.AbstractNioByteChannel$NioByteUnsafe.read(AbstractNioByteChannel.java:134)
	at io.netty.channel.nio.NioEventLoop.processSelectedKey(NioEventLoop.java:624)
	at io.netty.channel.nio.NioEventLoop.processSelectedKeysOptimized(NioEventLoop.java:559)
	at io.netty.channel.nio.NioEventLoop.processSelectedKeys(NioEventLoop.java:476)
	at io.netty.channel.nio.NioEventLoop.run(NioEventLoop.java:438)
	at io.netty.util.concurrent.SingleThreadEventExecutor$5.run(SingleThreadEventExecutor.java:858)
	at io.netty.util.concurrent.DefaultThreadFactory$DefaultRunnableDecorator.run(DefaultThreadFactory.java:144)
	at java.lang.Thread.run(Thread.java:748)
Caused by: java.lang.IllegalStateException: Reading from a byte array threw an IOException (should never happen).
	at rpc.common.SerializationUtil.deserialize(SerializationUtil.java:67)
	at rpc.common.RpcDecoder.decode(RpcDecoder.java:41)
	at io.netty.handler.codec.ByteToMessageDecoder.callDecode(ByteToMessageDecoder.java:411)
	... 21 more
Caused by: java.lang.RuntimeException: Reading from a byte array threw an IOException (should never happen).
	at com.dyuproject.protostuff.IOUtil.mergeFrom(IOUtil.java:52)
	at com.dyuproject.protostuff.ProtostuffIOUtil.mergeFrom(ProtostuffIOUtil.java:96)
	at rpc.common.SerializationUtil.deserialize(SerializationUtil.java:64)
	... 23 more
Caused by: com.dyuproject.protostuff.ProtobufException: Protocol message contained an invalid tag (zero).
	at com.dyuproject.protostuff.ProtobufException.invalidTag(ProtobufException.java:98)
	at com.dyuproject.protostuff.ByteArrayInput.readFieldNumber(ByteArrayInput.java:220)
	at com.dyuproject.protostuff.runtime.MappedSchema.mergeFrom(MappedSchema.java:187)
	at com.dyuproject.protostuff.IOUtil.mergeFrom(IOUtil.java:43)
	... 25 more
2017-09-10 18:51:58 ERROR RpcHandler:89 - server caught exception
io.netty.handler.codec.DecoderException: java.lang.IllegalStateException: Reading from a byte array threw an IOException (should never happen).
	at io.netty.handler.codec.ByteToMessageDecoder.callDecode(ByteToMessageDecoder.java:442)
	at io.netty.handler.codec.ByteToMessageDecoder.channelRead(ByteToMessageDecoder.java:248)
	at io.netty.channel.AbstractChannelHandlerContext.invokeChannelRead(AbstractChannelHandlerContext.java:362)
	at io.netty.channel.AbstractChannelHandlerContext.invokeChannelRead(AbstractChannelHandlerContext.java:348)
	at io.netty.channel.AbstractChannelHandlerContext.fireChannelRead(AbstractChannelHandlerContext.java:340)
	at io.netty.handler.codec.ByteToMessageDecoder.fireChannelRead(ByteToMessageDecoder.java:293)
	at io.netty.handler.codec.ByteToMessageDecoder.fireChannelRead(ByteToMessageDecoder.java:280)
	at io.netty.handler.codec.ByteToMessageDecoder.callDecode(ByteToMessageDecoder.java:396)
	at io.netty.handler.codec.ByteToMessageDecoder.channelRead(ByteToMessageDecoder.java:248)
	at io.netty.channel.AbstractChannelHandlerContext.invokeChannelRead(AbstractChannelHandlerContext.java:362)
	at io.netty.channel.AbstractChannelHandlerContext.invokeChannelRead(AbstractChannelHandlerContext.java:348)
	at io.netty.channel.AbstractChannelHandlerContext.fireChannelRead(AbstractChannelHandlerContext.java:340)
	at io.netty.channel.DefaultChannelPipeline$HeadContext.channelRead(DefaultChannelPipeline.java:1334)
	at io.netty.channel.AbstractChannelHandlerContext.invokeChannelRead(AbstractChannelHandlerContext.java:362)
	at io.netty.channel.AbstractChannelHandlerContext.invokeChannelRead(AbstractChannelHandlerContext.java:348)
	at io.netty.channel.DefaultChannelPipeline.fireChannelRead(DefaultChannelPipeline.java:926)
	at io.netty.channel.nio.AbstractNioByteChannel$NioByteUnsafe.read(AbstractNioByteChannel.java:134)
	at io.netty.channel.nio.NioEventLoop.processSelectedKey(NioEventLoop.java:624)
	at io.netty.channel.nio.NioEventLoop.processSelectedKeysOptimized(NioEventLoop.java:559)
	at io.netty.channel.nio.NioEventLoop.processSelectedKeys(NioEventLoop.java:476)
	at io.netty.channel.nio.NioEventLoop.run(NioEventLoop.java:438)
	at io.netty.util.concurrent.SingleThreadEventExecutor$5.run(SingleThreadEventExecutor.java:858)
	at io.netty.util.concurrent.DefaultThreadFactory$DefaultRunnableDecorator.run(DefaultThreadFactory.java:144)
	at java.lang.Thread.run(Thread.java:748)
Caused by: java.lang.IllegalStateException: Reading from a byte array threw an IOException (should never happen).
	at rpc.common.SerializationUtil.deserialize(SerializationUtil.java:67)
	at rpc.common.RpcDecoder.decode(RpcDecoder.java:41)
	at io.netty.handler.codec.ByteToMessageDecoder.callDecode(ByteToMessageDecoder.java:411)
	... 23 more
Caused by: java.lang.RuntimeException: Reading from a byte array threw an IOException (should never happen).
	at com.dyuproject.protostuff.IOUtil.mergeFrom(IOUtil.java:52)
	at com.dyuproject.protostuff.ProtostuffIOUtil.mergeFrom(ProtostuffIOUtil.java:96)
	at rpc.common.SerializationUtil.deserialize(SerializationUtil.java:64)
	... 25 more
Caused by: com.dyuproject.protostuff.ProtobufException: Protocol message contained an invalid tag (zero).
	at com.dyuproject.protostuff.ProtobufException.invalidTag(ProtobufException.java:98)
	at com.dyuproject.protostuff.ByteArrayInput.readFieldNumber(ByteArrayInput.java:220)
	at com.dyuproject.protostuff.runtime.MappedSchema.mergeFrom(MappedSchema.java:187)
	at com.dyuproject.protostuff.IOUtil.mergeFrom(IOUtil.java:43)
	... 27 more
2017-09-10 18:51:58 ERROR RpcHandler:89 - server caught exception
io.netty.handler.codec.DecoderException: java.lang.IllegalStateException: Reading from a byte array threw an IOException (should never happen).
	at io.netty.handler.codec.ByteToMessageDecoder.callDecode(ByteToMessageDecoder.java:442)
	at io.netty.handler.codec.ByteToMessageDecoder.channelRead(ByteToMessageDecoder.java:248)
	at io.netty.channel.AbstractChannelHandlerContext.invokeChannelRead(AbstractChannelHandlerContext.java:362)
	at io.netty.channel.AbstractChannelHandlerContext.invokeChannelRead(AbstractChannelHandlerContext.java:348)
	at io.netty.channel.AbstractChannelHandlerContext.fireChannelRead(AbstractChannelHandlerContext.java:340)
	at io.netty.handler.codec.ByteToMessageDecoder.fireChannelRead(ByteToMessageDecoder.java:293)
	at io.netty.handler.codec.ByteToMessageDecoder.channelRead(ByteToMessageDecoder.java:267)
	at io.netty.channel.AbstractChannelHandlerContext.invokeChannelRead(AbstractChannelHandlerContext.java:362)
	at io.netty.channel.AbstractChannelHandlerContext.invokeChannelRead(AbstractChannelHandlerContext.java:348)
	at io.netty.channel.AbstractChannelHandlerContext.fireChannelRead(AbstractChannelHandlerContext.java:340)
	at io.netty.channel.DefaultChannelPipeline$HeadContext.channelRead(DefaultChannelPipeline.java:1334)
	at io.netty.channel.AbstractChannelHandlerContext.invokeChannelRead(AbstractChannelHandlerContext.java:362)
	at io.netty.channel.AbstractChannelHandlerContext.invokeChannelRead(AbstractChannelHandlerContext.java:348)
	at io.netty.channel.DefaultChannelPipeline.fireChannelRead(DefaultChannelPipeline.java:926)
	at io.netty.channel.nio.AbstractNioByteChannel$NioByteUnsafe.read(AbstractNioByteChannel.java:134)
	at io.netty.channel.nio.NioEventLoop.processSelectedKey(NioEventLoop.java:624)
	at io.netty.channel.nio.NioEventLoop.processSelectedKeysOptimized(NioEventLoop.java:559)
	at io.netty.channel.nio.NioEventLoop.processSelectedKeys(NioEventLoop.java:476)
	at io.netty.channel.nio.NioEventLoop.run(NioEventLoop.java:438)
	at io.netty.util.concurrent.SingleThreadEventExecutor$5.run(SingleThreadEventExecutor.java:858)
	at io.netty.util.concurrent.DefaultThreadFactory$DefaultRunnableDecorator.run(DefaultThreadFactory.java:144)
	at java.lang.Thread.run(Thread.java:748)
Caused by: java.lang.IllegalStateException: Reading from a byte array threw an IOException (should never happen).
	at rpc.common.SerializationUtil.deserialize(SerializationUtil.java:67)
	at rpc.common.RpcDecoder.decode(RpcDecoder.java:41)
	at io.netty.handler.codec.ByteToMessageDecoder.callDecode(ByteToMessageDecoder.java:411)
	... 21 more
Caused by: java.lang.RuntimeException: Reading from a byte array threw an IOException (should never happen).
	at com.dyuproject.protostuff.IOUtil.mergeFrom(IOUtil.java:52)
	at com.dyuproject.protostuff.ProtostuffIOUtil.mergeFrom(ProtostuffIOUtil.java:96)
	at rpc.common.SerializationUtil.deserialize(SerializationUtil.java:64)
	... 23 more
Caused by: com.dyuproject.protostuff.ProtobufException: Protocol message contained an invalid tag (zero).
	at com.dyuproject.protostuff.ProtobufException.invalidTag(ProtobufException.java:98)
	at com.dyuproject.protostuff.ByteArrayInput.readFieldNumber(ByteArrayInput.java:220)
	at com.dyuproject.protostuff.runtime.MappedSchema.mergeFrom(MappedSchema.java:187)
	at com.dyuproject.protostuff.IOUtil.mergeFrom(IOUtil.java:43)
	... 25 more
2017-09-10 19:06:20 ERROR RpcHandler:89 - server caught exception
io.netty.handler.codec.DecoderException: java.lang.IllegalStateException: Reading from a byte array threw an IOException (should never happen).
	at io.netty.handler.codec.ByteToMessageDecoder.callDecode(ByteToMessageDecoder.java:442)
	at io.netty.handler.codec.ByteToMessageDecoder.channelRead(ByteToMessageDecoder.java:248)
	at io.netty.channel.AbstractChannelHandlerContext.invokeChannelRead(AbstractChannelHandlerContext.java:362)
	at io.netty.channel.AbstractChannelHandlerContext.invokeChannelRead(AbstractChannelHandlerContext.java:348)
	at io.netty.channel.AbstractChannelHandlerContext.fireChannelRead(AbstractChannelHandlerContext.java:340)
	at io.netty.handler.codec.ByteToMessageDecoder.fireChannelRead(ByteToMessageDecoder.java:293)
	at io.netty.handler.codec.ByteToMessageDecoder.fireChannelRead(ByteToMessageDecoder.java:280)
	at io.netty.handler.codec.ByteToMessageDecoder.callDecode(ByteToMessageDecoder.java:396)
	at io.netty.handler.codec.ByteToMessageDecoder.channelRead(ByteToMessageDecoder.java:248)
	at io.netty.channel.AbstractChannelHandlerContext.invokeChannelRead(AbstractChannelHandlerContext.java:362)
	at io.netty.channel.AbstractChannelHandlerContext.invokeChannelRead(AbstractChannelHandlerContext.java:348)
	at io.netty.channel.AbstractChannelHandlerContext.fireChannelRead(AbstractChannelHandlerContext.java:340)
	at io.netty.channel.DefaultChannelPipeline$HeadContext.channelRead(DefaultChannelPipeline.java:1334)
	at io.netty.channel.AbstractChannelHandlerContext.invokeChannelRead(AbstractChannelHandlerContext.java:362)
	at io.netty.channel.AbstractChannelHandlerContext.invokeChannelRead(AbstractChannelHandlerContext.java:348)
	at io.netty.channel.DefaultChannelPipeline.fireChannelRead(DefaultChannelPipeline.java:926)
	at io.netty.channel.nio.AbstractNioByteChannel$NioByteUnsafe.read(AbstractNioByteChannel.java:134)
	at io.netty.channel.nio.NioEventLoop.processSelectedKey(NioEventLoop.java:624)
	at io.netty.channel.nio.NioEventLoop.processSelectedKeysOptimized(NioEventLoop.java:559)
	at io.netty.channel.nio.NioEventLoop.processSelectedKeys(NioEventLoop.java:476)
	at io.netty.channel.nio.NioEventLoop.run(NioEventLoop.java:438)
	at io.netty.util.concurrent.SingleThreadEventExecutor$5.run(SingleThreadEventExecutor.java:858)
	at io.netty.util.concurrent.DefaultThreadFactory$DefaultRunnableDecorator.run(DefaultThreadFactory.java:144)
	at java.lang.Thread.run(Thread.java:748)
Caused by: java.lang.IllegalStateException: Reading from a byte array threw an IOException (should never happen).
	at rpc.common.SerializationUtil.deserialize(SerializationUtil.java:67)
	at rpc.common.RpcDecoder.decode(RpcDecoder.java:41)
	at io.netty.handler.codec.ByteToMessageDecoder.callDecode(ByteToMessageDecoder.java:411)
	... 23 more
Caused by: java.lang.RuntimeException: Reading from a byte array threw an IOException (should never happen).
	at com.dyuproject.protostuff.IOUtil.mergeFrom(IOUtil.java:52)
	at com.dyuproject.protostuff.ProtostuffIOUtil.mergeFrom(ProtostuffIOUtil.java:96)
	at rpc.common.SerializationUtil.deserialize(SerializationUtil.java:64)
	... 25 more
Caused by: com.dyuproject.protostuff.ProtobufException: Protocol message contained an invalid tag (zero).
	at com.dyuproject.protostuff.ProtobufException.invalidTag(ProtobufException.java:98)
	at com.dyuproject.protostuff.ByteArrayInput.readFieldNumber(ByteArrayInput.java:220)
	at com.dyuproject.protostuff.runtime.MappedSchema.mergeFrom(MappedSchema.java:187)
	at com.dyuproject.protostuff.IOUtil.mergeFrom(IOUtil.java:43)
	... 27 more
2017-09-10 19:06:20 ERROR RpcHandler:89 - server caught exception
io.netty.handler.codec.DecoderException: java.lang.IllegalStateException: Reading from a byte array threw an IOException (should never happen).
	at io.netty.handler.codec.ByteToMessageDecoder.callDecode(ByteToMessageDecoder.java:442)
	at io.netty.handler.codec.ByteToMessageDecoder.channelRead(ByteToMessageDecoder.java:248)
	at io.netty.channel.AbstractChannelHandlerContext.invokeChannelRead(AbstractChannelHandlerContext.java:362)
	at io.netty.channel.AbstractChannelHandlerContext.invokeChannelRead(AbstractChannelHandlerContext.java:348)
	at io.netty.channel.AbstractChannelHandlerContext.fireChannelRead(AbstractChannelHandlerContext.java:340)
	at io.netty.handler.codec.ByteToMessageDecoder.fireChannelRead(ByteToMessageDecoder.java:293)
	at io.netty.handler.codec.ByteToMessageDecoder.channelRead(ByteToMessageDecoder.java:267)
	at io.netty.channel.AbstractChannelHandlerContext.invokeChannelRead(AbstractChannelHandlerContext.java:362)
	at io.netty.channel.AbstractChannelHandlerContext.invokeChannelRead(AbstractChannelHandlerContext.java:348)
	at io.netty.channel.AbstractChannelHandlerContext.fireChannelRead(AbstractChannelHandlerContext.java:340)
	at io.netty.channel.DefaultChannelPipeline$HeadContext.channelRead(DefaultChannelPipeline.java:1334)
	at io.netty.channel.AbstractChannelHandlerContext.invokeChannelRead(AbstractChannelHandlerContext.java:362)
	at io.netty.channel.AbstractChannelHandlerContext.invokeChannelRead(AbstractChannelHandlerContext.java:348)
	at io.netty.channel.DefaultChannelPipeline.fireChannelRead(DefaultChannelPipeline.java:926)
	at io.netty.channel.nio.AbstractNioByteChannel$NioByteUnsafe.read(AbstractNioByteChannel.java:134)
	at io.netty.channel.nio.NioEventLoop.processSelectedKey(NioEventLoop.java:624)
	at io.netty.channel.nio.NioEventLoop.processSelectedKeysOptimized(NioEventLoop.java:559)
	at io.netty.channel.nio.NioEventLoop.processSelectedKeys(NioEventLoop.java:476)
	at io.netty.channel.nio.NioEventLoop.run(NioEventLoop.java:438)
	at io.netty.util.concurrent.SingleThreadEventExecutor$5.run(SingleThreadEventExecutor.java:858)
	at io.netty.util.concurrent.DefaultThreadFactory$DefaultRunnableDecorator.run(DefaultThreadFactory.java:144)
	at java.lang.Thread.run(Thread.java:748)
Caused by: java.lang.IllegalStateException: Reading from a byte array threw an IOException (should never happen).
	at rpc.common.SerializationUtil.deserialize(SerializationUtil.java:67)
	at rpc.common.RpcDecoder.decode(RpcDecoder.java:41)
	at io.netty.handler.codec.ByteToMessageDecoder.callDecode(ByteToMessageDecoder.java:411)
	... 21 more
Caused by: java.lang.RuntimeException: Reading from a byte array threw an IOException (should never happen).
	at com.dyuproject.protostuff.IOUtil.mergeFrom(IOUtil.java:52)
	at com.dyuproject.protostuff.ProtostuffIOUtil.mergeFrom(ProtostuffIOUtil.java:96)
	at rpc.common.SerializationUtil.deserialize(SerializationUtil.java:64)
	... 23 more
Caused by: com.dyuproject.protostuff.ProtobufException: Protocol message contained an invalid tag (zero).
	at com.dyuproject.protostuff.ProtobufException.invalidTag(ProtobufException.java:98)
	at com.dyuproject.protostuff.ByteArrayInput.readFieldNumber(ByteArrayInput.java:220)
	at com.dyuproject.protostuff.runtime.MappedSchema.mergeFrom(MappedSchema.java:187)
	at com.dyuproject.protostuff.IOUtil.mergeFrom(IOUtil.java:43)
	... 25 more
2017-09-10 20:31:42 ERROR RpcHandler:89 - server caught exception
io.netty.handler.codec.DecoderException: java.io.StreamCorruptedException: Unsupported version: 10
	at io.netty.handler.codec.ByteToMessageDecoder.callDecode(ByteToMessageDecoder.java:442)
	at io.netty.handler.codec.ByteToMessageDecoder.channelRead(ByteToMessageDecoder.java:248)
	at io.netty.channel.AbstractChannelHandlerContext.invokeChannelRead(AbstractChannelHandlerContext.java:362)
	at io.netty.channel.AbstractChannelHandlerContext.invokeChannelRead(AbstractChannelHandlerContext.java:348)
	at io.netty.channel.AbstractChannelHandlerContext.fireChannelRead(AbstractChannelHandlerContext.java:340)
	at io.netty.handler.codec.ByteToMessageDecoder.fireChannelRead(ByteToMessageDecoder.java:293)
	at io.netty.handler.codec.ByteToMessageDecoder.channelRead(ByteToMessageDecoder.java:267)
	at io.netty.channel.AbstractChannelHandlerContext.invokeChannelRead(AbstractChannelHandlerContext.java:362)
	at io.netty.channel.AbstractChannelHandlerContext.invokeChannelRead(AbstractChannelHandlerContext.java:348)
	at io.netty.channel.AbstractChannelHandlerContext.fireChannelRead(AbstractChannelHandlerContext.java:340)
	at io.netty.channel.DefaultChannelPipeline$HeadContext.channelRead(DefaultChannelPipeline.java:1334)
	at io.netty.channel.AbstractChannelHandlerContext.invokeChannelRead(AbstractChannelHandlerContext.java:362)
	at io.netty.channel.AbstractChannelHandlerContext.invokeChannelRead(AbstractChannelHandlerContext.java:348)
	at io.netty.channel.DefaultChannelPipeline.fireChannelRead(DefaultChannelPipeline.java:926)
	at io.netty.channel.nio.AbstractNioByteChannel$NioByteUnsafe.read(AbstractNioByteChannel.java:134)
	at io.netty.channel.nio.NioEventLoop.processSelectedKey(NioEventLoop.java:624)
	at io.netty.channel.nio.NioEventLoop.processSelectedKeysOptimized(NioEventLoop.java:559)
	at io.netty.channel.nio.NioEventLoop.processSelectedKeys(NioEventLoop.java:476)
	at io.netty.channel.nio.NioEventLoop.run(NioEventLoop.java:438)
	at io.netty.util.concurrent.SingleThreadEventExecutor$5.run(SingleThreadEventExecutor.java:858)
	at io.netty.util.concurrent.DefaultThreadFactory$DefaultRunnableDecorator.run(DefaultThreadFactory.java:144)
	at java.lang.Thread.run(Thread.java:748)
Caused by: java.io.StreamCorruptedException: Unsupported version: 10
	at io.netty.handler.codec.serialization.CompactObjectInputStream.readStreamHeader(CompactObjectInputStream.java:38)
	at java.io.ObjectInputStream.<init>(ObjectInputStream.java:349)
	at io.netty.handler.codec.serialization.CompactObjectInputStream.<init>(CompactObjectInputStream.java:30)
	at io.netty.handler.codec.serialization.ObjectDecoder.decode(ObjectDecoder.java:74)
	at io.netty.handler.codec.LengthFieldBasedFrameDecoder.decode(LengthFieldBasedFrameDecoder.java:343)
	at io.netty.handler.codec.ByteToMessageDecoder.callDecode(ByteToMessageDecoder.java:411)
	... 21 more
2017-09-10 20:34:07 ERROR RpcHandler:89 - server caught exception
io.netty.handler.codec.DecoderException: java.lang.IllegalStateException: Reading from a byte array threw an IOException (should never happen).
	at io.netty.handler.codec.ByteToMessageDecoder.callDecode(ByteToMessageDecoder.java:442)
	at io.netty.handler.codec.ByteToMessageDecoder.channelRead(ByteToMessageDecoder.java:248)
	at io.netty.channel.AbstractChannelHandlerContext.invokeChannelRead(AbstractChannelHandlerContext.java:362)
	at io.netty.channel.AbstractChannelHandlerContext.invokeChannelRead(AbstractChannelHandlerContext.java:348)
	at io.netty.channel.AbstractChannelHandlerContext.fireChannelRead(AbstractChannelHandlerContext.java:340)
	at io.netty.handler.codec.ByteToMessageDecoder.fireChannelRead(ByteToMessageDecoder.java:293)
	at io.netty.handler.codec.ByteToMessageDecoder.channelRead(ByteToMessageDecoder.java:267)
	at io.netty.channel.AbstractChannelHandlerContext.invokeChannelRead(AbstractChannelHandlerContext.java:362)
	at io.netty.channel.AbstractChannelHandlerContext.invokeChannelRead(AbstractChannelHandlerContext.java:348)
	at io.netty.channel.AbstractChannelHandlerContext.fireChannelRead(AbstractChannelHandlerContext.java:340)
	at io.netty.channel.DefaultChannelPipeline$HeadContext.channelRead(DefaultChannelPipeline.java:1334)
	at io.netty.channel.AbstractChannelHandlerContext.invokeChannelRead(AbstractChannelHandlerContext.java:362)
	at io.netty.channel.AbstractChannelHandlerContext.invokeChannelRead(AbstractChannelHandlerContext.java:348)
	at io.netty.channel.DefaultChannelPipeline.fireChannelRead(DefaultChannelPipeline.java:926)
	at io.netty.channel.nio.AbstractNioByteChannel$NioByteUnsafe.read(AbstractNioByteChannel.java:134)
	at io.netty.channel.nio.NioEventLoop.processSelectedKey(NioEventLoop.java:624)
	at io.netty.channel.nio.NioEventLoop.processSelectedKeysOptimized(NioEventLoop.java:559)
	at io.netty.channel.nio.NioEventLoop.processSelectedKeys(NioEventLoop.java:476)
	at io.netty.channel.nio.NioEventLoop.run(NioEventLoop.java:438)
	at io.netty.util.concurrent.SingleThreadEventExecutor$5.run(SingleThreadEventExecutor.java:858)
	at io.netty.util.concurrent.DefaultThreadFactory$DefaultRunnableDecorator.run(DefaultThreadFactory.java:144)
	at java.lang.Thread.run(Thread.java:748)
Caused by: java.lang.IllegalStateException: Reading from a byte array threw an IOException (should never happen).
	at rpc.common.SerializationUtil.deserialize(SerializationUtil.java:67)
	at rpc.common.RpcDecoder.decode(RpcDecoder.java:41)
	at io.netty.handler.codec.ByteToMessageDecoder.callDecode(ByteToMessageDecoder.java:411)
	... 21 more
Caused by: java.lang.RuntimeException: Reading from a byte array threw an IOException (should never happen).
	at com.dyuproject.protostuff.IOUtil.mergeFrom(IOUtil.java:52)
	at com.dyuproject.protostuff.ProtostuffIOUtil.mergeFrom(ProtostuffIOUtil.java:96)
	at rpc.common.SerializationUtil.deserialize(SerializationUtil.java:64)
	... 23 more
Caused by: com.dyuproject.protostuff.ProtostuffException: Corrupt input.
	at com.dyuproject.protostuff.runtime.ObjectSchema.readObjectFrom(ObjectSchema.java:641)
	at com.dyuproject.protostuff.runtime.ObjectSchema.mergeFrom(ObjectSchema.java:312)
	at com.dyuproject.protostuff.ByteArrayInput.mergeObjectEncodedAsGroup(ByteArrayInput.java:390)
	at com.dyuproject.protostuff.ByteArrayInput.mergeObject(ByteArrayInput.java:362)
	at com.dyuproject.protostuff.runtime.RuntimeUnsafeFieldFactory$15$1.mergeFrom(RuntimeUnsafeFieldFactory.java:921)
	at com.dyuproject.protostuff.runtime.MappedSchema.mergeFrom(MappedSchema.java:196)
	at com.dyuproject.protostuff.IOUtil.mergeFrom(IOUtil.java:43)
	... 25 more
